<?xml version="1.0" encoding="utf-8" standalone="no"?>
<!--This file represents the results of running a test suite-->
<test-results name="bin/Debug/UnitTests.dll" total="16" failures="10" not-run="4" date="2009-08-12" time="20:19:48">
  <environment nunit-version="2.4.8.0" clr-version="2.0.50727.1433" os-version="Unix 9.7.0.0" platform="Unix" cwd="/Users/franklaub/src/git/openssl.net" machine-name="MacFriedPro.local" user="franklaub" user-domain="MacFriedPro.local" />
  <culture-info current-culture="en-US" current-uiculture="en-US" />
  <test-suite name="bin/Debug/UnitTests.dll" success="False" time="2.272" asserts="0">
    <results>
      <test-suite name="UnitTests" success="False" time="2.268" asserts="0">
        <results>
          <test-suite name="OpenSSL" success="False" time="2.261" asserts="0">
            <results>
              <test-suite name="X509CertificateTest" success="False" time="2.256" asserts="0">
                <results>
                  <test-case name="UnitTests.OpenSSL.X509CertificateTest.CanAddExtensions" executed="True" success="True" time="0.195" asserts="2" />
                  <test-case name="UnitTests.OpenSSL.X509CertificateTest.CanCheckPrivateKey" executed="True" success="True" time="0.307" asserts="3" />
                  <test-case name="UnitTests.OpenSSL.X509CertificateTest.CanCheckTrust" executed="False">
                    <reason>
                      <message><![CDATA[Not implemented yet]]></message>
                    </reason>
                  </test-case>
                  <test-case name="UnitTests.OpenSSL.X509CertificateTest.CanCompare" executed="True" success="True" time="0.263" asserts="6" />
                  <test-case name="UnitTests.OpenSSL.X509CertificateTest.CanCreateAndDispose" executed="True" success="True" time="0.004" asserts="1" />
                  <test-case name="UnitTests.OpenSSL.X509CertificateTest.CanCreateRequest" executed="True" success="True" time="0.129" asserts="2" />
                  <test-case name="UnitTests.OpenSSL.X509CertificateTest.CanCreateWithArgs" executed="True" success="True" time="0.160" asserts="6" />
                  <test-case name="UnitTests.OpenSSL.X509CertificateTest.CanDigest" executed="False">
                    <reason>
                      <message><![CDATA[Not implemented yet]]></message>
                    </reason>
                  </test-case>
                  <test-case name="UnitTests.OpenSSL.X509CertificateTest.CanDigestPublicKey" executed="False">
                    <reason>
                      <message><![CDATA[Not implemented yet]]></message>
                    </reason>
                  </test-case>
                  <test-case name="UnitTests.OpenSSL.X509CertificateTest.CanGetAndSetProperties" executed="True" success="False" time="0.168" asserts="14">
                    <failure>
                      <message><![CDATA[TearDown : System.Reflection.TargetInvocationException : Exception has been thrown by the target of an invocation.
  ----> NUnit.Framework.AssertionException :   Expected: 0
  But was:  152
]]></message>
                      <stack-trace><![CDATA[--TearDown
at System.Reflection.MonoMethod.Invoke (System.Object obj, BindingFlags invokeAttr, System.Reflection.Binder binder, System.Object[] parameters, System.Globalization.CultureInfo culture) [0x00071] in /opt/local/var/macports/build/_opt_local_var_macports_sources_rsync.macports.org_release_ports_devel_mono/work/mono-2.4.2.3/mcs/class/corlib/System.Reflection/MonoMethod.cs:169
at System.Reflection.MethodBase.Invoke (System.Object obj, System.Object[] parameters) [0x00000] in /opt/local/var/macports/build/_opt_local_var_macports_sources_rsync.macports.org_release_ports_devel_mono/work/mono-2.4.2.3/mcs/class/corlib/System.Reflection/MethodBase.cs:111
--AssertionException
at UnitTests.BaseTest.Teardown () [0x00005] in /Users/franklaub/src/git/openssl.net/test/UnitTests/BaseTest.cs:44
at (wrapper managed-to-native) System.Reflection.MonoMethod:InternalInvoke (object,object[],System.Exception&)
at System.Reflection.MonoMethod.Invoke (System.Object obj, BindingFlags invokeAttr, System.Reflection.Binder binder, System.Object[] parameters, System.Globalization.CultureInfo culture) [0x00057] in /opt/local/var/macports/build/_opt_local_var_macports_sources_rsync.macports.org_release_ports_devel_mono/work/mono-2.4.2.3/mcs/class/corlib/System.Reflection/MonoMethod.cs:159
]]></stack-trace>
                    </failure>
                  </test-case>
                  <test-case name="UnitTests.OpenSSL.X509CertificateTest.CanGetAsPEM" executed="True" success="False" time="0.013" asserts="2">
                    <failure>
                      <message><![CDATA[TearDown : System.Reflection.TargetInvocationException : Exception has been thrown by the target of an invocation.
  ----> NUnit.Framework.AssertionException :   Expected: 0
  But was:  131
]]></message>
                      <stack-trace><![CDATA[--TearDown
at System.Reflection.MonoMethod.Invoke (System.Object obj, BindingFlags invokeAttr, System.Reflection.Binder binder, System.Object[] parameters, System.Globalization.CultureInfo culture) [0x00071] in /opt/local/var/macports/build/_opt_local_var_macports_sources_rsync.macports.org_release_ports_devel_mono/work/mono-2.4.2.3/mcs/class/corlib/System.Reflection/MonoMethod.cs:169
at System.Reflection.MethodBase.Invoke (System.Object obj, System.Object[] parameters) [0x00000] in /opt/local/var/macports/build/_opt_local_var_macports_sources_rsync.macports.org_release_ports_devel_mono/work/mono-2.4.2.3/mcs/class/corlib/System.Reflection/MethodBase.cs:111
--AssertionException
at UnitTests.BaseTest.Teardown () [0x00005] in /Users/franklaub/src/git/openssl.net/test/UnitTests/BaseTest.cs:44
at (wrapper managed-to-native) System.Reflection.MonoMethod:InternalInvoke (object,object[],System.Exception&)
at System.Reflection.MonoMethod.Invoke (System.Object obj, BindingFlags invokeAttr, System.Reflection.Binder binder, System.Object[] parameters, System.Globalization.CultureInfo culture) [0x00057] in /opt/local/var/macports/build/_opt_local_var_macports_sources_rsync.macports.org_release_ports_devel_mono/work/mono-2.4.2.3/mcs/class/corlib/System.Reflection/MonoMethod.cs:159
]]></stack-trace>
                    </failure>
                  </test-case>
                  <test-case name="UnitTests.OpenSSL.X509CertificateTest.CanLoadFromDER" executed="True" success="False" time="0.015" asserts="4">
                    <failure>
                      <message><![CDATA[TearDown : System.Reflection.TargetInvocationException : Exception has been thrown by the target of an invocation.
  ----> NUnit.Framework.AssertionException :   Expected: 0
  But was:  119
]]></message>
                      <stack-trace><![CDATA[--TearDown
at System.Reflection.MonoMethod.Invoke (System.Object obj, BindingFlags invokeAttr, System.Reflection.Binder binder, System.Object[] parameters, System.Globalization.CultureInfo culture) [0x00071] in /opt/local/var/macports/build/_opt_local_var_macports_sources_rsync.macports.org_release_ports_devel_mono/work/mono-2.4.2.3/mcs/class/corlib/System.Reflection/MonoMethod.cs:169
at System.Reflection.MethodBase.Invoke (System.Object obj, System.Object[] parameters) [0x00000] in /opt/local/var/macports/build/_opt_local_var_macports_sources_rsync.macports.org_release_ports_devel_mono/work/mono-2.4.2.3/mcs/class/corlib/System.Reflection/MethodBase.cs:111
--AssertionException
at UnitTests.BaseTest.Teardown () [0x00005] in /Users/franklaub/src/git/openssl.net/test/UnitTests/BaseTest.cs:44
at (wrapper managed-to-native) System.Reflection.MonoMethod:InternalInvoke (object,object[],System.Exception&)
at System.Reflection.MonoMethod.Invoke (System.Object obj, BindingFlags invokeAttr, System.Reflection.Binder binder, System.Object[] parameters, System.Globalization.CultureInfo culture) [0x00057] in /opt/local/var/macports/build/_opt_local_var_macports_sources_rsync.macports.org_release_ports_devel_mono/work/mono-2.4.2.3/mcs/class/corlib/System.Reflection/MonoMethod.cs:159
]]></stack-trace>
                    </failure>
                  </test-case>
                  <test-case name="UnitTests.OpenSSL.X509CertificateTest.CanLoadFromPCKS12" executed="True" success="False" time="0.034" asserts="4">
                    <failure>
                      <message><![CDATA[TearDown : System.Reflection.TargetInvocationException : Exception has been thrown by the target of an invocation.
  ----> NUnit.Framework.AssertionException :   Expected: 0
  But was:  119
]]></message>
                      <stack-trace><![CDATA[--TearDown
at System.Reflection.MonoMethod.Invoke (System.Object obj, BindingFlags invokeAttr, System.Reflection.Binder binder, System.Object[] parameters, System.Globalization.CultureInfo culture) [0x00071] in /opt/local/var/macports/build/_opt_local_var_macports_sources_rsync.macports.org_release_ports_devel_mono/work/mono-2.4.2.3/mcs/class/corlib/System.Reflection/MonoMethod.cs:169
at System.Reflection.MethodBase.Invoke (System.Object obj, System.Object[] parameters) [0x00000] in /opt/local/var/macports/build/_opt_local_var_macports_sources_rsync.macports.org_release_ports_devel_mono/work/mono-2.4.2.3/mcs/class/corlib/System.Reflection/MethodBase.cs:111
--AssertionException
at UnitTests.BaseTest.Teardown () [0x00005] in /Users/franklaub/src/git/openssl.net/test/UnitTests/BaseTest.cs:44
at (wrapper managed-to-native) System.Reflection.MonoMethod:InternalInvoke (object,object[],System.Exception&)
at System.Reflection.MonoMethod.Invoke (System.Object obj, BindingFlags invokeAttr, System.Reflection.Binder binder, System.Object[] parameters, System.Globalization.CultureInfo culture) [0x00057] in /opt/local/var/macports/build/_opt_local_var_macports_sources_rsync.macports.org_release_ports_devel_mono/work/mono-2.4.2.3/mcs/class/corlib/System.Reflection/MonoMethod.cs:159
]]></stack-trace>
                    </failure>
                  </test-case>
                  <test-case name="UnitTests.OpenSSL.X509CertificateTest.CanLoadFromPEM" executed="True" success="False" time="0.037" asserts="4">
                    <failure>
                      <message><![CDATA[TearDown : System.Reflection.TargetInvocationException : Exception has been thrown by the target of an invocation.
  ----> NUnit.Framework.AssertionException :   Expected: 0
  But was:  119
]]></message>
                      <stack-trace><![CDATA[--TearDown
at System.Reflection.MonoMethod.Invoke (System.Object obj, BindingFlags invokeAttr, System.Reflection.Binder binder, System.Object[] parameters, System.Globalization.CultureInfo culture) [0x00071] in /opt/local/var/macports/build/_opt_local_var_macports_sources_rsync.macports.org_release_ports_devel_mono/work/mono-2.4.2.3/mcs/class/corlib/System.Reflection/MonoMethod.cs:169
at System.Reflection.MethodBase.Invoke (System.Object obj, System.Object[] parameters) [0x00000] in /opt/local/var/macports/build/_opt_local_var_macports_sources_rsync.macports.org_release_ports_devel_mono/work/mono-2.4.2.3/mcs/class/corlib/System.Reflection/MethodBase.cs:111
--AssertionException
at UnitTests.BaseTest.Teardown () [0x00005] in /Users/franklaub/src/git/openssl.net/test/UnitTests/BaseTest.cs:44
at (wrapper managed-to-native) System.Reflection.MonoMethod:InternalInvoke (object,object[],System.Exception&)
at System.Reflection.MonoMethod.Invoke (System.Object obj, BindingFlags invokeAttr, System.Reflection.Binder binder, System.Object[] parameters, System.Globalization.CultureInfo culture) [0x00057] in /opt/local/var/macports/build/_opt_local_var_macports_sources_rsync.macports.org_release_ports_devel_mono/work/mono-2.4.2.3/mcs/class/corlib/System.Reflection/MonoMethod.cs:159
]]></stack-trace>
                    </failure>
                  </test-case>
                  <test-case name="UnitTests.OpenSSL.X509CertificateTest.CanLoadFromPKCS7_DER" executed="True" success="False" time="0.009" asserts="4">
                    <failure>
                      <message><![CDATA[TearDown : System.Reflection.TargetInvocationException : Exception has been thrown by the target of an invocation.
  ----> NUnit.Framework.AssertionException :   Expected: 0
  But was:  119
]]></message>
                      <stack-trace><![CDATA[--TearDown
at System.Reflection.MonoMethod.Invoke (System.Object obj, BindingFlags invokeAttr, System.Reflection.Binder binder, System.Object[] parameters, System.Globalization.CultureInfo culture) [0x00071] in /opt/local/var/macports/build/_opt_local_var_macports_sources_rsync.macports.org_release_ports_devel_mono/work/mono-2.4.2.3/mcs/class/corlib/System.Reflection/MonoMethod.cs:169
at System.Reflection.MethodBase.Invoke (System.Object obj, System.Object[] parameters) [0x00000] in /opt/local/var/macports/build/_opt_local_var_macports_sources_rsync.macports.org_release_ports_devel_mono/work/mono-2.4.2.3/mcs/class/corlib/System.Reflection/MethodBase.cs:111
--AssertionException
at UnitTests.BaseTest.Teardown () [0x00005] in /Users/franklaub/src/git/openssl.net/test/UnitTests/BaseTest.cs:44
at (wrapper managed-to-native) System.Reflection.MonoMethod:InternalInvoke (object,object[],System.Exception&)
at System.Reflection.MonoMethod.Invoke (System.Object obj, BindingFlags invokeAttr, System.Reflection.Binder binder, System.Object[] parameters, System.Globalization.CultureInfo culture) [0x00057] in /opt/local/var/macports/build/_opt_local_var_macports_sources_rsync.macports.org_release_ports_devel_mono/work/mono-2.4.2.3/mcs/class/corlib/System.Reflection/MonoMethod.cs:159
]]></stack-trace>
                    </failure>
                  </test-case>
                  <test-case name="UnitTests.OpenSSL.X509CertificateTest.CanLoadFromPKCS7_PEM" executed="True" success="False" time="0.025" asserts="4">
                    <failure>
                      <message><![CDATA[TearDown : System.Reflection.TargetInvocationException : Exception has been thrown by the target of an invocation.
  ----> NUnit.Framework.AssertionException :   Expected: 0
  But was:  103
]]></message>
                      <stack-trace><![CDATA[--TearDown
at System.Reflection.MonoMethod.Invoke (System.Object obj, BindingFlags invokeAttr, System.Reflection.Binder binder, System.Object[] parameters, System.Globalization.CultureInfo culture) [0x00071] in /opt/local/var/macports/build/_opt_local_var_macports_sources_rsync.macports.org_release_ports_devel_mono/work/mono-2.4.2.3/mcs/class/corlib/System.Reflection/MonoMethod.cs:169
at System.Reflection.MethodBase.Invoke (System.Object obj, System.Object[] parameters) [0x00000] in /opt/local/var/macports/build/_opt_local_var_macports_sources_rsync.macports.org_release_ports_devel_mono/work/mono-2.4.2.3/mcs/class/corlib/System.Reflection/MethodBase.cs:111
--AssertionException
at UnitTests.BaseTest.Teardown () [0x00005] in /Users/franklaub/src/git/openssl.net/test/UnitTests/BaseTest.cs:44
at (wrapper managed-to-native) System.Reflection.MonoMethod:InternalInvoke (object,object[],System.Exception&)
at System.Reflection.MonoMethod.Invoke (System.Object obj, BindingFlags invokeAttr, System.Reflection.Binder binder, System.Object[] parameters, System.Globalization.CultureInfo culture) [0x00057] in /opt/local/var/macports/build/_opt_local_var_macports_sources_rsync.macports.org_release_ports_devel_mono/work/mono-2.4.2.3/mcs/class/corlib/System.Reflection/MonoMethod.cs:159
]]></stack-trace>
                    </failure>
                  </test-case>
                  <test-case name="UnitTests.OpenSSL.X509CertificateTest.CannotSetUnmatchedPrivateKey" executed="True" success="False" time="0.279" asserts="1">
                    <failure>
                      <message><![CDATA[TearDown : System.Reflection.TargetInvocationException : Exception has been thrown by the target of an invocation.
  ----> NUnit.Framework.AssertionException :   Expected: 0
  But was:  103
]]></message>
                      <stack-trace><![CDATA[--TearDown
at System.Reflection.MonoMethod.Invoke (System.Object obj, BindingFlags invokeAttr, System.Reflection.Binder binder, System.Object[] parameters, System.Globalization.CultureInfo culture) [0x00071] in /opt/local/var/macports/build/_opt_local_var_macports_sources_rsync.macports.org_release_ports_devel_mono/work/mono-2.4.2.3/mcs/class/corlib/System.Reflection/MonoMethod.cs:169
at System.Reflection.MethodBase.Invoke (System.Object obj, System.Object[] parameters) [0x00000] in /opt/local/var/macports/build/_opt_local_var_macports_sources_rsync.macports.org_release_ports_devel_mono/work/mono-2.4.2.3/mcs/class/corlib/System.Reflection/MethodBase.cs:111
--AssertionException
at UnitTests.BaseTest.Teardown () [0x00005] in /Users/franklaub/src/git/openssl.net/test/UnitTests/BaseTest.cs:44
at (wrapper managed-to-native) System.Reflection.MonoMethod:InternalInvoke (object,object[],System.Exception&)
at System.Reflection.MonoMethod.Invoke (System.Object obj, BindingFlags invokeAttr, System.Reflection.Binder binder, System.Object[] parameters, System.Globalization.CultureInfo culture) [0x00057] in /opt/local/var/macports/build/_opt_local_var_macports_sources_rsync.macports.org_release_ports_devel_mono/work/mono-2.4.2.3/mcs/class/corlib/System.Reflection/MonoMethod.cs:159
]]></stack-trace>
                    </failure>
                  </test-case>
                  <test-case name="UnitTests.OpenSSL.X509CertificateTest.CanSign" executed="True" success="False" time="0.133" asserts="1">
                    <failure>
                      <message><![CDATA[TearDown : System.Reflection.TargetInvocationException : Exception has been thrown by the target of an invocation.
  ----> NUnit.Framework.AssertionException :   Expected: 0
  But was:  103
]]></message>
                      <stack-trace><![CDATA[--TearDown
at System.Reflection.MonoMethod.Invoke (System.Object obj, BindingFlags invokeAttr, System.Reflection.Binder binder, System.Object[] parameters, System.Globalization.CultureInfo culture) [0x00071] in /opt/local/var/macports/build/_opt_local_var_macports_sources_rsync.macports.org_release_ports_devel_mono/work/mono-2.4.2.3/mcs/class/corlib/System.Reflection/MonoMethod.cs:169
at System.Reflection.MethodBase.Invoke (System.Object obj, System.Object[] parameters) [0x00000] in /opt/local/var/macports/build/_opt_local_var_macports_sources_rsync.macports.org_release_ports_devel_mono/work/mono-2.4.2.3/mcs/class/corlib/System.Reflection/MethodBase.cs:111
--AssertionException
at UnitTests.BaseTest.Teardown () [0x00005] in /Users/franklaub/src/git/openssl.net/test/UnitTests/BaseTest.cs:44
at (wrapper managed-to-native) System.Reflection.MonoMethod:InternalInvoke (object,object[],System.Exception&)
at System.Reflection.MonoMethod.Invoke (System.Object obj, BindingFlags invokeAttr, System.Reflection.Binder binder, System.Object[] parameters, System.Globalization.CultureInfo culture) [0x00057] in /opt/local/var/macports/build/_opt_local_var_macports_sources_rsync.macports.org_release_ports_devel_mono/work/mono-2.4.2.3/mcs/class/corlib/System.Reflection/MonoMethod.cs:159
]]></stack-trace>
                    </failure>
                  </test-case>
                  <test-case name="UnitTests.OpenSSL.X509CertificateTest.CanVerify" executed="True" success="False" time="0.347" asserts="3">
                    <failure>
                      <message><![CDATA[TearDown : System.Reflection.TargetInvocationException : Exception has been thrown by the target of an invocation.
  ----> NUnit.Framework.AssertionException :   Expected: 0
  But was:  103
]]></message>
                      <stack-trace><![CDATA[--TearDown
at System.Reflection.MonoMethod.Invoke (System.Object obj, BindingFlags invokeAttr, System.Reflection.Binder binder, System.Object[] parameters, System.Globalization.CultureInfo culture) [0x00071] in /opt/local/var/macports/build/_opt_local_var_macports_sources_rsync.macports.org_release_ports_devel_mono/work/mono-2.4.2.3/mcs/class/corlib/System.Reflection/MonoMethod.cs:169
at System.Reflection.MethodBase.Invoke (System.Object obj, System.Object[] parameters) [0x00000] in /opt/local/var/macports/build/_opt_local_var_macports_sources_rsync.macports.org_release_ports_devel_mono/work/mono-2.4.2.3/mcs/class/corlib/System.Reflection/MethodBase.cs:111
--AssertionException
at UnitTests.BaseTest.Teardown () [0x00005] in /Users/franklaub/src/git/openssl.net/test/UnitTests/BaseTest.cs:44
at (wrapper managed-to-native) System.Reflection.MonoMethod:InternalInvoke (object,object[],System.Exception&)
at System.Reflection.MonoMethod.Invoke (System.Object obj, BindingFlags invokeAttr, System.Reflection.Binder binder, System.Object[] parameters, System.Globalization.CultureInfo culture) [0x00057] in /opt/local/var/macports/build/_opt_local_var_macports_sources_rsync.macports.org_release_ports_devel_mono/work/mono-2.4.2.3/mcs/class/corlib/System.Reflection/MonoMethod.cs:159
]]></stack-trace>
                    </failure>
                  </test-case>
                  <test-case name="UnitTests.OpenSSL.X509CertificateTest.CanWriteToBIO" executed="False">
                    <reason>
                      <message><![CDATA[Not implemented yet]]></message>
                    </reason>
                  </test-case>
                </results>
              </test-suite>
            </results>
          </test-suite>
        </results>
      </test-suite>
    </results>
  </test-suite>
</test-results>